[debug] [2024-05-27T12:42:04.060Z] ----------------------------------------------------------------------
[debug] [2024-05-27T12:42:04.062Z] Command:       C:\Program Files\nodejs\node.exe C:\Users\RUKMANI\AppData\Roaming\npm\node_modules\firebase-tools\lib\bin\firebase.js init
[debug] [2024-05-27T12:42:04.063Z] CLI Version:   12.5.2
[debug] [2024-05-27T12:42:04.063Z] Platform:      win32
[debug] [2024-05-27T12:42:04.063Z] Node Version:  v18.17.1
[debug] [2024-05-27T12:42:04.065Z] Time:          Mon May 27 2024 18:12:04 GMT+0530 (India Standard Time)
[debug] [2024-05-27T12:42:04.065Z] ----------------------------------------------------------------------
[debug] 
[debug] [2024-05-27T12:42:04.154Z] > command requires scopes: ["email","openid","https://www.googleapis.com/auth/cloudplatformprojects.readonly","https://www.googleapis.com/auth/firebase","https://www.googleapis.com/auth/cloud-platform"]
[debug] [2024-05-27T12:42:04.155Z] > authorizing via signed-in user (rukmanikannan10497@gmail.com)
[info] 
     ######## #### ########  ######## ########     ###     ######  ########
     ##        ##  ##     ## ##       ##     ##  ##   ##  ##       ##
     ######    ##  ########  ######   ########  #########  ######  ######
     ##        ##  ##    ##  ##       ##     ## ##     ##       ## ##
     ##       #### ##     ## ######## ########  ##     ##  ######  ########

You're about to initialize a Firebase project in this directory:

  C:\Users\RUKMANI\OneDrive\เอกสาร\E-Brain\react\demoall

Before we get started, keep in mind:

  * You are initializing within an existing Firebase project directory

[info] 
=== Project Setup
[info] 
[info] First, let's associate this project directory with a Firebase project.
[info] You can create multiple project aliases by running firebase use --add, 
[info] but for now we'll just set up a default project.
[info] 
[debug] [2024-05-27T12:42:14.094Z] Using project from CLI flag: bs-task01-14eb0
[debug] [2024-05-27T12:42:14.095Z] >>> [apiv2][query] GET https://firebase.googleapis.com/v1beta1/projects/bs-task01-14eb0 [none]
[debug] [2024-05-27T12:42:14.581Z] <<< [apiv2][status] GET https://firebase.googleapis.com/v1beta1/projects/bs-task01-14eb0 200
[debug] [2024-05-27T12:42:14.582Z] <<< [apiv2][body] GET https://firebase.googleapis.com/v1beta1/projects/bs-task01-14eb0 {"projectId":"bs-task01-14eb0","projectNumber":"490814684051","displayName":"Bs-task01","name":"projects/bs-task01-14eb0","resources":{"hostingSite":"bs-task01-14eb0"},"state":"ACTIVE","etag":"1_1b3955ab-1757-4917-a36b-5e502bf1a8ad"}
[info] i  Using project bs-task01-14eb0 (Bs-task01) 
[info] 
=== Hosting Setup
[info] 
[info] Your public directory is the folder (relative to your project directory) that
[info] will contain Hosting assets to be uploaded with firebase deploy. If you
[info] have a build process for your assets, use your build's output directory.
[info] 
[debug] [2024-05-27T12:42:23.657Z] >>> [apiv2][query] GET https://www.gstatic.com/firebasejs/releases.json [none]
[debug] [2024-05-27T12:42:23.765Z] <<< [apiv2][status] GET https://www.gstatic.com/firebasejs/releases.json 200
[debug] [2024-05-27T12:42:23.765Z] <<< [apiv2][body] GET https://www.gstatic.com/firebasejs/releases.json {"current":{"version":"10.12.1","browserURL":"https://www.gstatic.com/firebasejs/10.12.1/firebase.js","packageURL":"https://www.gstatic.com/firebasejs/10.12.1/firebase.tgz"},"live":{"version":"10.12","browserURL":"https://www.gstatic.com/firebasejs/live/10.12/firebase.js","packageURL":"https://www.gstatic.com/firebasejs/live/10.12/firebase.tgz"},"components":{"analytics":"https://www.gstatic.com/firebasejs/10.12.1/firebase-analytics.js","app":"https://www.gstatic.com/firebasejs/10.12.1/firebase-app.js","app-check":"https://www.gstatic.com/firebasejs/10.12.1/firebase-app-check.js","auth":"https://www.gstatic.com/firebasejs/10.12.1/firebase-auth.js","auth/cordova":"https://www.gstatic.com/firebasejs/10.12.1/firebase-auth/cordova.js","auth/web-extension":"https://www.gstatic.com/firebasejs/10.12.1/firebase-auth/web-extension.js","functions":"https://www.gstatic.com/firebasejs/10.12.1/firebase-functions.js","firestore":"https://www.gstatic.com/firebasejs/10.12.1/firebase-firestore.js","firestore/lite":"https://www.gstatic.com/firebasejs/10.12.1/firebase-firestore/lite.js","installations":"https://www.gstatic.com/firebasejs/10.12.1/firebase-installations.js","storage":"https://www.gstatic.com/firebasejs/10.12.1/firebase-storage.js","performance":"https://www.gstatic.com/firebasejs/10.12.1/firebase-performance.js","remote-config":"https://www.gstatic.com/firebasejs/10.12.1/firebase-remote-config.js","messaging":"https://www.gstatic.com/firebasejs/10.12.1/firebase-messaging.js","messaging/sw":"https://www.gstatic.com/firebasejs/10.12.1/firebase-messaging/sw.js","database":"https://www.gstatic.com/firebasejs/10.12.1/firebase-database.js","vertexai-preview":"https://www.gstatic.com/firebasejs/10.12.1/firebase-vertexai-preview.js","firestore.memory":"https://www.gstatic.com/firebasejs/10.12.1/firebase-firestore.memory.js"}}
